[2024-12-12 17:05:00] Starting process_type: DELETE_OLDDATA
Old BCP data older than 1 month deleted successfully.
[2024-12-12 17:05:04] Completed process_type: DELETE_OLDDATA

[2024-12-12 17:05:04] Starting process_type: RECEIVE_UNIVERSE
Data(fnd_list) inserted successfully with duplicates removed.
[2024-12-12 17:05:40] Completed process_type: RECEIVE_UNIVERSE

[2024-12-12 17:05:40] Starting process_type: RECEIVE_ACCOUNT
Data(ap_acc_info) inserted successfully with duplicates removed.
[2024-12-12 17:05:58] Completed process_type: RECEIVE_ACCOUNT

[2024-12-12 17:05:58] Starting process_type: RECEIVE_CUSTMERFND
Data(ap_fnd_info) inserted successfully with duplicates removed.
[2024-12-12 17:10:11] Completed process_type: RECEIVE_CUSTMERFND

[2024-12-12 17:10:11] Starting process_type: SEND_MPRATE
Data(mp_info) has been inserted into the TBL_FOSS_BCPDATA table.
File successfully uploaded to SFTP server: ../robo_data/mp_info.20241212
[2024-12-12 17:10:16] Completed process_type: SEND_MPRATE

[2024-12-12 17:10:16] Starting process_type: SEND_MPLIST
Data(mp_fnd_info) has been inserted into the TBL_FOSS_BCPDATA table.
File successfully uploaded to SFTP server: ../robo_data/mp_fnd_info.20241212
[2024-12-12 17:10:21] Completed process_type: SEND_MPLIST

[2024-12-12 17:10:21] Starting process_type: SEND_REBALCUS
Data(ap_reval_yn) has been inserted into the TBL_FOSS_BCPDATA table.
File successfully uploaded to SFTP server: ../robo_data/ap_reval_yn.20241212
[2024-12-12 17:10:37] Completed process_type: SEND_REBALCUS

[2024-12-12 17:10:37] Starting process_type: SEND_REPORT
No report data found for 20241212.
File successfully uploaded to SFTP server: ../robo_data/report.20241212
[2024-12-12 17:10:41] Completed process_type: SEND_REPORT

[2024-12-12 17:10:41] Starting process_type: SEND_MP_INFO_EOF
Empty EOF file created at: /Users/mac/Downloads/mp_info_eof.20241212.csv
Empty EOF file successfully uploaded to SFTP server: ../robo_data/mp_info_eof.20241212
[2024-12-12 17:10:44] Completed process_type: SEND_MP_INFO_EOF

[2024-12-12 17:10:44] All processes completed.
